Importer Log Report
Project : OSSI-1 Battery Board.PrjPcb

Section : Analyze Document - Z:\UNIVERSIDAD\ASIGNATURAS\TCI\PROYECTO\Cubesat\OSSI-1Electronics-master\OSSI-1 Battery Board\OSSI-1 Battery Board.brd
    Analyzing data of Z:\UNIVERSIDAD\ASIGNATURAS\TCI\PROYECTO\Cubesat\OSSI-1Electronics-master\OSSI-1 Battery Board\OSSI-1 Battery Board.brd
    Load settings
    Load layers 114
    Load Library "OSSI"
    Load Packages 4
EndSection

Section : Analyze Document - Z:\UNIVERSIDAD\ASIGNATURAS\TCI\PROYECTO\Cubesat\OSSI-1Electronics-master\OSSI-1 Battery Board\OSSI-1 Battery Board.sch
    Analyzing data of Z:\UNIVERSIDAD\ASIGNATURAS\TCI\PROYECTO\Cubesat\OSSI-1Electronics-master\OSSI-1 Battery Board\OSSI-1 Battery Board.sch
    Load settings
    Load layers 114
    Load schematic
    Load Libraries 2
    Load Library "frames"
    Load Packages 0
    Load Symbols 2
    Load DeviceSets 1
    Load Library "OSSI"
    Load Packages 8
    Load Symbols 11
    Load DeviceSets 11
    Load Attributes 0
    Load Classes 1
    Load Parts 39
    Load Sheets 1
EndSection
