Importer Log Report
Project : OSSI-1 Beacon.PrjPcb

Section : Analyze Document - Z:\UNIVERSIDAD\ASIGNATURAS\TCI\PROYECTO\Cubesat\OSSI-1Electronics-master\OSSI-1 Beacon\OSSI-1 Beacon.brd
    Analyzing data of Z:\UNIVERSIDAD\ASIGNATURAS\TCI\PROYECTO\Cubesat\OSSI-1Electronics-master\OSSI-1 Beacon\OSSI-1 Beacon.brd
    Load settings
    Load layers 114
    Load Library "OSSI"
    Load Packages 32
    Load Library "SparkFun"
    Load Packages 1
EndSection

Section : Analyze Document - Z:\UNIVERSIDAD\ASIGNATURAS\TCI\PROYECTO\Cubesat\OSSI-1Electronics-master\OSSI-1 Beacon\OSSI-1 Beacon.sch
    Analyzing data of Z:\UNIVERSIDAD\ASIGNATURAS\TCI\PROYECTO\Cubesat\OSSI-1Electronics-master\OSSI-1 Beacon\OSSI-1 Beacon.sch
    Load settings
    Load layers 114
    Load schematic
    Load Libraries 3
    Load Library "frames"
    Load Packages 0
    Load Symbols 2
    Load DeviceSets 1
    Load Library "OSSI"
    Load Packages 55
    Load Symbols 39
    Load DeviceSets 38
    Load Library "SparkFun"
    Load Packages 8
    Load Symbols 1
    Load DeviceSets 1
    Load Attributes 0
    Load Classes 1
    Load Parts 201
    Load Sheets 4
EndSection
