Importer Log Report
Project : OSSI-1 LED Panel.PrjPcb

Section : Analyze Document - Z:\UNIVERSIDAD\ASIGNATURAS\TCI\PROYECTO\Cubesat\OSSI-1Electronics-master\OSSI-1 LED Panel\OSSI-1 LED Panel.brd
    Analyzing data of Z:\UNIVERSIDAD\ASIGNATURAS\TCI\PROYECTO\Cubesat\OSSI-1Electronics-master\OSSI-1 LED Panel\OSSI-1 LED Panel.brd
    Load settings
    Load layers 114
    Load Library "OSSI"
    Load Packages 2
EndSection

Section : Analyze Document - Z:\UNIVERSIDAD\ASIGNATURAS\TCI\PROYECTO\Cubesat\OSSI-1Electronics-master\OSSI-1 LED Panel\OSSI-1 LED Panel.sch
    Analyzing data of Z:\UNIVERSIDAD\ASIGNATURAS\TCI\PROYECTO\Cubesat\OSSI-1Electronics-master\OSSI-1 LED Panel\OSSI-1 LED Panel.sch
    Load settings
    Load layers 114
    Load schematic
    Load Libraries 2
    Load Library "frames"
    Load Packages 0
    Load Symbols 2
    Load DeviceSets 1
    Load Library "OSSI"
    Load Packages 3
    Load Symbols 2
    Load DeviceSets 2
    Load Attributes 0
    Load Classes 1
    Load Parts 7
    Load Sheets 1
EndSection
