Importer Log Report
Project : OSSI-1 Z Panel.PrjPcb

Section : Analyze Document - Z:\UNIVERSIDAD\ASIGNATURAS\TCI\PROYECTO\Cubesat\OSSI-1Electronics-master\OSSI-1 Z Panel\OSSI-1 Z Panel.brd
    Analyzing data of Z:\UNIVERSIDAD\ASIGNATURAS\TCI\PROYECTO\Cubesat\OSSI-1Electronics-master\OSSI-1 Z Panel\OSSI-1 Z Panel.brd
    Load settings
    Load layers 114
    Load Library "OSSI"
    Load Packages 12
EndSection

Section : Analyze Document - Z:\UNIVERSIDAD\ASIGNATURAS\TCI\PROYECTO\Cubesat\OSSI-1Electronics-master\OSSI-1 Z Panel\OSSI-1 Z Panel.sch
    Analyzing data of Z:\UNIVERSIDAD\ASIGNATURAS\TCI\PROYECTO\Cubesat\OSSI-1Electronics-master\OSSI-1 Z Panel\OSSI-1 Z Panel.sch
    Load settings
    Load layers 114
    Load schematic
    Load Libraries 2
    Load Library "OSSI"
    Load Packages 20
    Load Symbols 14
    Load DeviceSets 15
    Load Library "frames"
    Load Packages 0
    Load Symbols 2
    Load DeviceSets 1
    Load Attributes 0
    Load Classes 1
    Load Parts 57
    Load Sheets 1
EndSection
