Importer Log Report
Project : OSSI-1 LED Controller.PrjPcb

Section : Analyze Document - Z:\UNIVERSIDAD\ASIGNATURAS\TCI\PROYECTO\Cubesat\OSSI-1Electronics-master\OSSI-1 LED Controller\OSSI-1 LED Controller.brd
    Analyzing data of Z:\UNIVERSIDAD\ASIGNATURAS\TCI\PROYECTO\Cubesat\OSSI-1Electronics-master\OSSI-1 LED Controller\OSSI-1 LED Controller.brd
    Load settings
    Load layers 114
    Load Library "OSSI"
    Load Packages 24
    Load Library "led"
    Load Packages 1
    Load Library "SparkFun"
    Load Packages 1
EndSection

Section : Analyze Document - Z:\UNIVERSIDAD\ASIGNATURAS\TCI\PROYECTO\Cubesat\OSSI-1Electronics-master\OSSI-1 LED Controller\OSSI-1 LED Controller.sch
    Analyzing data of Z:\UNIVERSIDAD\ASIGNATURAS\TCI\PROYECTO\Cubesat\OSSI-1Electronics-master\OSSI-1 LED Controller\OSSI-1 LED Controller.sch
    Load settings
    Load layers 114
    Load schematic
    Load Libraries 4
    Load Library "frames"
    Load Packages 0
    Load Symbols 2
    Load DeviceSets 1
    Load Library "OSSI"
    Load Packages 36
    Load Symbols 32
    Load DeviceSets 32
    Load Library "led"
    Load Packages 37
    Load Symbols 1
    Load DeviceSets 1
    Load Library "SparkFun"
    Load Packages 8
    Load Symbols 1
    Load DeviceSets 1
    Load Attributes 0
    Load Classes 1
    Load Parts 142
    Load Sheets 2
EndSection
