Importer Log Report
Project : OSSI-1 Front Panel.PrjPcb

Section : Analyze Document - Z:\UNIVERSIDAD\ASIGNATURAS\TCI\PROYECTO\Cubesat\OSSI-1Electronics-master\OSSI-1 Front Panel\OSSI-1 Front Panel.brd
    Analyzing data of Z:\UNIVERSIDAD\ASIGNATURAS\TCI\PROYECTO\Cubesat\OSSI-1Electronics-master\OSSI-1 Front Panel\OSSI-1 Front Panel.brd
    Load settings
    Load layers 114
    Load Library "OSSI"
    Load Packages 8
    Load Library "rcl"
    Load Packages 1
EndSection

Section : Analyze Document - Z:\UNIVERSIDAD\ASIGNATURAS\TCI\PROYECTO\Cubesat\OSSI-1Electronics-master\OSSI-1 Front Panel\OSSI-1 Front Panel.sch
    Analyzing data of Z:\UNIVERSIDAD\ASIGNATURAS\TCI\PROYECTO\Cubesat\OSSI-1Electronics-master\OSSI-1 Front Panel\OSSI-1 Front Panel.sch
    Load settings
    Load layers 114
    Load schematic
    Load Libraries 3
    Load Library "frames"
    Load Packages 0
    Load Symbols 2
    Load DeviceSets 1
    Load Library "OSSI"
    Load Packages 27
    Load Symbols 9
    Load DeviceSets 9
    Load Library "rcl"
    Load Packages 61
    Load Symbols 1
    Load DeviceSets 1
    Load Attributes 0
    Load Classes 1
    Load Parts 28
    Load Sheets 1
EndSection
