Importer Log Report
Project : OSSI-1 COMMS.PrjPcb

Section : Analyze Document - Z:\UNIVERSIDAD\ASIGNATURAS\TCI\PROYECTO\Cubesat\OSSI-1Electronics-master\OSSI-1 COMMS\OSSI-1 COMMS.brd
    Analyzing data of Z:\UNIVERSIDAD\ASIGNATURAS\TCI\PROYECTO\Cubesat\OSSI-1Electronics-master\OSSI-1 COMMS\OSSI-1 COMMS.brd
    Load settings
    Load layers 114
    Load Library "OSSI"
    Load Packages 35
    Load Library "led"
    Load Packages 1
EndSection

Section : Analyze Document - Z:\UNIVERSIDAD\ASIGNATURAS\TCI\PROYECTO\Cubesat\OSSI-1Electronics-master\OSSI-1 COMMS\OSSI-1 COMMS.sch
    Analyzing data of Z:\UNIVERSIDAD\ASIGNATURAS\TCI\PROYECTO\Cubesat\OSSI-1Electronics-master\OSSI-1 COMMS\OSSI-1 COMMS.sch
    Load settings
    Load layers 114
    Load schematic
    Load Libraries 3
    Load Library "frames"
    Load Packages 0
    Load Symbols 2
    Load DeviceSets 1
    Load Library "OSSI"
    Load Packages 58
    Load Symbols 39
    Load DeviceSets 39
    Load Library "led"
    Load Packages 37
    Load Symbols 1
    Load DeviceSets 1
    Load Attributes 0
    Load Classes 1
    Load Parts 309
    Load Sheets 4
EndSection
